2024-11-25 14:33:59 +0000 - dagster - DEBUG - materialize_dbt_models - 9208c91a-6f1f-4daa-b622-e18d54e7c720 - 716 - LOGS_CAPTURED - Started capturing logs in process (pid: 716).
2024-11-25 14:33:59 +0000 - dagster - DEBUG - materialize_dbt_models - 9208c91a-6f1f-4daa-b622-e18d54e7c720 - 716 - buy_box_gcp_1_dbt_assets - STEP_START - Started execution of step "buy_box_gcp_1_dbt_assets".
2024-11-25 14:34:00 +0000 - dagster - INFO - materialize_dbt_models - 9208c91a-6f1f-4daa-b622-e18d54e7c720 - buy_box_gcp_1_dbt_assets - A dbt subsetted execution is not being performed. Using the default dbt selection arguments `['--select', 'fqn:*']`.
2024-11-25 14:34:02 +0000 - dagster - INFO - materialize_dbt_models - 9208c91a-6f1f-4daa-b622-e18d54e7c720 - buy_box_gcp_1_dbt_assets - Copying `/app/buy_box_gcp_1/target/partial_parse.msgpack` to `/app/buy_box_gcp_1/target/buy_box_gcp_1_dbt_assets-9208c91-5ae9b98/partial_parse.msgpack` to take advantage of partial parsing.
2024-11-25 14:34:02 +0000 - dagster - INFO - materialize_dbt_models - 9208c91a-6f1f-4daa-b622-e18d54e7c720 - buy_box_gcp_1_dbt_assets - Running dbt command: `dbt build --select fqn:*`.
2024-11-25 14:34:08 +0000 - dagster - INFO - materialize_dbt_models - 9208c91a-6f1f-4daa-b622-e18d54e7c720 - buy_box_gcp_1_dbt_assets - Finished dbt command: `dbt build --select fqn:*`.
2024-11-25 14:34:08 +0000 - dagster - ERROR - materialize_dbt_models - 9208c91a-6f1f-4daa-b622-e18d54e7c720 - 716 - buy_box_gcp_1_dbt_assets - STEP_FAILURE - Execution of step "buy_box_gcp_1_dbt_assets" failed.

dagster_dbt.errors.DagsterDbtCliRuntimeError: The dbt CLI process with command

`dbt build --select fqn:*`

failed with exit code `2`. Check the stdout in the Dagster compute logs for the full information about the error, or view the dbt debug log: /app/buy_box_gcp_1/target/buy_box_gcp_1_dbt_assets-9208c91-5ae9b98/dbt.log.

Errors parsed from dbt logs:

Encountered an error:
Database Error
  [Errno 2] No such file or directory: '/app/include/dbt-437212-4031e98ab84c.json'

Stack Trace:
  File "/usr/local/lib/python3.10/site-packages/dagster/_core/execution/plan/execute_plan.py", line 245, in dagster_event_sequence_for_step
    for step_event in check.generator(step_events):
  File "/usr/local/lib/python3.10/site-packages/dagster/_core/execution/plan/execute_step.py", line 499, in core_dagster_event_sequence_for_step
    for user_event in _step_output_error_checked_user_event_sequence(
  File "/usr/local/lib/python3.10/site-packages/dagster/_core/execution/plan/execute_step.py", line 183, in _step_output_error_checked_user_event_sequence
    for user_event in user_event_sequence:
  File "/usr/local/lib/python3.10/site-packages/dagster/_core/execution/plan/execute_step.py", line 87, in _process_asset_results_to_events
    for user_event in user_event_sequence:
  File "/usr/local/lib/python3.10/site-packages/dagster/_core/execution/plan/compute.py", line 193, in execute_core_compute
    for step_output in _yield_compute_results(step_context, inputs, compute_fn, compute_context):
  File "/usr/local/lib/python3.10/site-packages/dagster/_core/execution/plan/compute.py", line 162, in _yield_compute_results
    for event in iterate_with_context(
  File "/usr/local/lib/python3.10/site-packages/dagster/_utils/__init__.py", line 482, in iterate_with_context
    next_output = next(iterator)
  File "/app/gcp_dagster/assets.py", line 9, in buy_box_gcp_1_dbt_assets
    yield from dbt.cli(["build"], context=context).stream()
  File "/usr/local/lib/python3.10/site-packages/dagster_dbt/core/dbt_event_iterator.py", line 203, in __next__
    return next(self._inner_iterator)
  File "/usr/local/lib/python3.10/site-packages/dagster_dbt/core/dbt_cli_invocation.py", line 274, in _stream_asset_events
    for event in self.stream_raw_events():
  File "/usr/local/lib/python3.10/site-packages/dagster_dbt/core/dbt_cli_invocation.py", line 367, in stream_raw_events
    self._raise_on_error()
  File "/usr/local/lib/python3.10/site-packages/dagster_dbt/core/dbt_cli_invocation.py", line 460, in _raise_on_error
    raise error

